<?xml version="1.0" encoding="UTF-8"?>
<Site BuildName="Linux-c++"
	BuildStamp="20240716-0037-Experimental"
	Name="chen-Legion-Y7000-2019-PG0"
	Generator="ctest-3.16.3"
	CompilerName="/usr/bin/c++"
	CompilerVersion="9.4.0"
	OSName="Linux"
	Hostname="chen-Legion-Y7000-2019-PG0"
	OSRelease="5.15.0-113-generic"
	OSVersion="#123~20.04.1-Ubuntu SMP Wed Jun 12 17:33:13 UTC 2024"
	OSPlatform="x86_64"
	Is64Bits="1"
	VendorString="GenuineIntel"
	VendorID="Intel Corporation"
	FamilyID="6"
	ModelID="158"
	ProcessorCacheSize="8192"
	NumberOfLogicalCPU="8"
	NumberOfPhysicalCPU="4"
	TotalVirtualMemory="9536"
	TotalPhysicalMemory="15859"
	LogicalProcessorsPerPhysical="2"
	ProcessorClockFrequency="3723.04"
	>
	<Testing>
		<StartDateTime>Jul 16 09:53 CST</StartDateTime>
		<StartTestTime>1721094806</StartTestTime>
		<TestList/>
		<EndDateTime>Jul 16 09:53 CST</EndDateTime>
		<EndTestTime>1721094806</EndTestTime>
		<ElapsedMinutes>0</ElapsedMinutes>
	</Testing>
</Site>
